entClass.py - 2022-12-20 02:45:08,479 - WARNING - PyNaCl is not installed, voice will NOT be supported
entClass.py - 2022-12-20 02:45:08,481 - INFO - logging in using static token
entClass.py - 2022-12-20 02:45:08,888 - INFO - Shard ID None has sent the IDENTIFY payload.
entClass.py - 2022-12-20 02:46:37,031 - INFO - Connexion en tant que 'theo.ajavon' en cours...
entClass.py - 2022-12-20 02:46:38,737 - INFO - Connexion en tant que 'theo.ajavon' réussie !
entClass.py - 2022-12-20 02:46:40,055 - INFO - Récupération de votre 'emploi du temps' en cours...
entClass.py - 2022-12-20 02:46:40,211 - INFO - Votre 'emploi du temps' a été récupéré avec succès !
entClass.py - 2022-12-20 02:46:45,153 - INFO - Récupération des 'devoirs' en cours...
entClass.py - 2022-12-20 02:46:45,265 - INFO - Vos prochains 'devoirs' ont bien été récupérés !
entClass.py - 2022-12-20 02:46:49,928 - INFO - Récupération des dernières 'notes' en cours...
entClass.py - 2022-12-20 02:46:49,972 - INFO - Vos 8 dernières 'notes' ont bien été récupérés !
entClass.py - 2022-12-20 02:46:54,304 - INFO - Récupération de votre 'moyenne générale' en cours...
entClass.py - 2022-12-20 02:46:54,304 - INFO - Accès à la page de vos 'notes' en cours...
entClass.py - 2022-12-20 02:46:54,938 - INFO - Récupération de votre 'moyenne générale' réussie !
entClass.py - 2022-12-20 02:46:57,524 - INFO - Récupération de vos 'moyennes' en cours...
entClass.py - 2022-12-20 02:46:57,524 - INFO - Accès à la page de vos 'notes' en cours...
entClass.py - 2022-12-20 02:46:58,180 - INFO - Vos 'moyennes' ont bien été récupérés !
entClass.py - 2022-12-20 02:47:09,111 - INFO - Récupération du jour suivant 'emploi du temps' en cours...
entClass.py - 2022-12-20 02:47:09,112 - INFO - Récupération de votre 'emploi du temps' en cours...
entClass.py - 2022-12-20 02:47:09,260 - INFO - Votre 'emploi du temps' a été récupéré avec succès !
entClass.py - 2022-12-20 02:47:09,413 - INFO - Récupération de votre 'emploi du temps' en cours...
entClass.py - 2022-12-20 02:47:09,534 - INFO - Votre 'emploi du temps' a été récupéré avec succès !
entClass.py - 2022-12-20 02:47:33,979 - INFO - Récupération de votre 'emploi du temps' en cours...
entClass.py - 2022-12-20 02:47:34,053 - INFO - Votre 'emploi du temps' a été récupéré avec succès !
entClass.py - 2022-12-20 02:47:52,407 - INFO - Connexion en tant que 'theo.ajavon' en cours...
entClass.py - 2022-12-20 02:47:54,401 - INFO - Connexion en tant que 'theo.ajavon' réussie !
entClass.py - 2022-12-20 02:48:50,805 - INFO - Cleaning up tasks.
entClass.py - 2022-12-20 02:48:50,806 - INFO - Cleaning up after 3 tasks.
entClass.py - 2022-12-20 02:48:50,902 - INFO - All tasks finished cancelling.
entClass.py - 2022-12-20 02:48:50,902 - INFO - Closing the event loop.
